

> @liwe3/webcomponents@1.1.10 build /home/fabio/dev/cloudflare/liwe3-webcomponents/packages/core
> tsc && vite build

[36mvite v7.1.9 [32mbuilding for production...[36m[39m
[2K[1Gtransforming (1) [2msrc/ImageView.ts[22m[2K[1G[32m✓[39m 18 modules transformed.
[2K[1Grendering chunks (1)...[2K[1Grendering chunks (2)...[2K[1Grendering chunks (3)...[2K[1Grendering chunks (4)...[2K[1Grendering chunks (5)...[2K[1Grendering chunks (6)...[2K[1Grendering chunks (7)...[2K[1Grendering chunks (8)...[2K[1Grendering chunks (9)...[2K[1Grendering chunks (10)...[2K[1Grendering chunks (11)...[2K[1Grendering chunks (12)...[2K[1Grendering chunks (13)...[2K[1Grendering chunks (14)...[2K[1Grendering chunks (15)...[2K[1Grendering chunks (16)...[2K[1Grendering chunks (17)...[2K[1Grendering chunks (18)...[2K[1G[2K[1Gcomputing gzip size (0)...[2K[1Gcomputing gzip size (1)...[2K[1Gcomputing gzip size (2)...[2K[1Gcomputing gzip size (3)...[2K[1Gcomputing gzip size (4)...[2K[1Gcomputing gzip size (5)...[2K[1Gcomputing gzip size (6)...[2K[1Gcomputing gzip size (7)...[2K[1Gcomputing gzip size (8)...[2K[1Gcomputing gzip size (9)...[2K[1Gcomputing gzip size (10)...[2K[1Gcomputing gzip size (11)...[2K[1Gcomputing gzip size (12)...[2K[1Gcomputing gzip size (13)...[2K[1Gcomputing gzip size (14)...[2K[1Gcomputing gzip size (15)...[2K[1Gcomputing gzip size (16)...[2K[1Gcomputing gzip size (17)...[2K[1Gcomputing gzip size (18)...[2K[1G[2mdist/[22m[36mindex.js             [39m[1m[2m 3.58 kB[22m[1m[22m[2m │ gzip: 0.90 kB[22m[2m │ map:  5.68 kB[22m
[2mdist/[22m[36mMarkdownPreview.js   [39m[1m[2m 4.92 kB[22m[1m[22m[2m │ gzip: 1.63 kB[22m[2m │ map:  9.18 kB[22m
[2mdist/[22m[36mButtonToolbar.js     [39m[1m[2m 6.42 kB[22m[1m[22m[2m │ gzip: 1.84 kB[22m[2m │ map: 12.12 kB[22m
[2mdist/[22m[36mImageView.js         [39m[1m[2m 6.71 kB[22m[1m[22m[2m │ gzip: 1.56 kB[22m[2m │ map: 12.07 kB[22m
[2mdist/[22m[36mDrawer.js            [39m[1m[2m 9.68 kB[22m[1m[22m[2m │ gzip: 2.37 kB[22m[2m │ map: 17.38 kB[22m
[2mdist/[22m[36mCheckList.js         [39m[1m[2m10.44 kB[22m[1m[22m[2m │ gzip: 2.78 kB[22m[2m │ map: 18.76 kB[22m
[2mdist/[22m[36mDialog.js            [39m[1m[2m10.60 kB[22m[1m[22m[2m │ gzip: 2.72 kB[22m[2m │ map: 20.71 kB[22m
[2mdist/[22m[36mContainerBox.js      [39m[1m[2m10.67 kB[22m[1m[22m[2m │ gzip: 2.73 kB[22m[2m │ map: 22.31 kB[22m
[2mdist/[22m[36mPopoverMenu.js       [39m[1m[2m10.82 kB[22m[1m[22m[2m │ gzip: 2.88 kB[22m[2m │ map: 26.00 kB[22m
[2mdist/[22m[36mDateSelector.js      [39m[1m[2m11.31 kB[22m[1m[22m[2m │ gzip: 3.13 kB[22m[2m │ map: 23.33 kB[22m
[2mdist/[22m[36mComicBalloon.js      [39m[1m[2m14.54 kB[22m[1m[22m[2m │ gzip: 3.64 kB[22m[2m │ map: 34.72 kB[22m
[2mdist/[22m[36mTreeView.js          [39m[1m[2m14.67 kB[22m[1m[22m[2m │ gzip: 3.75 kB[22m[2m │ map: 28.42 kB[22m
[2mdist/[22m[36mAIMarkdownEditor.js  [39m[1m[2m15.34 kB[22m[1m[22m[2m │ gzip: 4.13 kB[22m[2m │ map: 27.88 kB[22m
[2mdist/[22m[36mAITextEditor.js      [39m[1m[2m15.94 kB[22m[1m[22m[2m │ gzip: 4.28 kB[22m[2m │ map: 32.83 kB[22m
[2mdist/[22m[36mToast.js             [39m[1m[2m16.59 kB[22m[1m[22m[2m │ gzip: 4.32 kB[22m[2m │ map: 34.89 kB[22m
[2mdist/[22m[36mSmartSelect.js       [39m[1m[2m17.86 kB[22m[1m[22m[2m │ gzip: 4.25 kB[22m[2m │ map: 37.22 kB[22m
[2mdist/[22m[36mChunkUploader.js     [39m[1m[2m23.61 kB[22m[1m[22m[2m │ gzip: 5.75 kB[22m[2m │ map: 48.31 kB[22m
[2mdist/[22m[36mResizableCropper.js  [39m[1m[2m24.72 kB[22m[1m[22m[2m │ gzip: 5.10 kB[22m[2m │ map: 53.78 kB[22m
[32m✓ built in 195ms[39m
